11:13:05.934 INFO [GridLauncherV3.parse] - Selenium server version: 3.141.59, revision: e82be7d358
11:13:06.006 INFO [GridLauncherV3.lambda$buildLaunchers$3] - Launching a standalone Selenium Server on port 4444
2019-09-28 11:13:06.061:INFO::main: Logging initialized @336ms to org.seleniumhq.jetty9.util.log.StdErrLog
11:13:06.310 INFO [WebDriverServlet.<init>] - Initialising WebDriverServlet
11:13:06.403 INFO [SeleniumServer.boot] - Selenium Server is up and running on port 4444
11:13:06.598 INFO [ActiveSessionFactory.apply] - Capabilities are: {
  "acceptSslCerts": true,
  "browserName": "chrome",
  "chromeOptions": {
    "w3c": false
  },
  "name": "Test"
}
11:13:06.600 INFO [ActiveSessionFactory.lambda$apply$11] - Matched factory org.openqa.selenium.grid.session.remote.ServicedSession$Factory (provider: org.openqa.selenium.chrome.ChromeDriverService)
Starting ChromeDriver 77.0.3865.40 (f484704e052e0b556f8030b65b953dce96503217-refs/branch-heads/3865@{#442}) on port 11169
Only local connections are allowed.
Please protect ports used by ChromeDriver and related test frameworks to prevent access by malicious code.
11:13:08.027 INFO [ProtocolHandshake.createSession] - Detected dialect: OSS
11:13:08.373 INFO [RemoteSession$Factory.lambda$performHandshake$0] - Started new session ac3fd24da91d77a90eb7f172a7aa6b0d (org.openqa.selenium.chrome.ChromeDriverService)
11:13:10.050 INFO [ActiveSessions$1.onStop] - Removing session ac3fd24da91d77a90eb7f172a7aa6b0d (org.openqa.selenium.chrome.ChromeDriverService)
